<?xml version="1.0" encoding="UTF-8"?>
<!-- Generated by org.testng.reporters.JUnitReportReporter -->
<testsuite hostname="DESKTOP-5EVK54D" failures="0" tests="1" name="serializationanddeserialization.ComplexJsonGETRequest" time="6.126" errors="0" timestamp="2024-03-07T08:42:51 IST" skipped="0">
  <testcase classname="serializationanddeserialization.ComplexJsonGETRequest" name="getListOfUsers" time="6.126"/>
  <system-out/>
</testsuite> <!-- serializationanddeserialization.ComplexJsonGETRequest -->
