<?xml version="1.0" encoding="UTF-8"?>
<!-- Generated by org.testng.reporters.JUnitReportReporter -->
<testsuite hostname="DESKTOP-5EVK54D" failures="0" tests="1" name="ecom.AddProduct" time="0.829" errors="0" timestamp="2024-03-09T09:13:45 IST" skipped="0">
  <testcase classname="ecom.AddProduct" name="addProduct" time="0.829"/>
  <system-out/>
</testsuite> <!-- ecom.AddProduct -->
