<?xml version="1.0" encoding="UTF-8"?>
<!-- Generated by org.testng.reporters.JUnitReportReporter -->
<testsuite hostname="DESKTOP-5EVK54D" failures="0" tests="1" name="basiccalls.GET_SingleUserUsingPathParam" time="5.091" errors="0" timestamp="2024-03-04T08:23:46 IST" skipped="0">
  <testcase classname="basiccalls.GET_SingleUserUsingPathParam" name="getSingleUserDetails" time="5.091"/>
  <system-out/>
</testsuite> <!-- basiccalls.GET_SingleUserUsingPathParam -->
