<?xml version="1.0" encoding="UTF-8"?>
<!-- Generated by org.testng.reporters.JUnitReportReporter -->
<testsuite hostname="DESKTOP-5EVK54D" failures="0" tests="1" name="serializationanddeserialization.POST_CreateUser" time="8.640" errors="0" timestamp="2024-03-07T08:17:25 IST" skipped="0">
  <testcase classname="serializationanddeserialization.POST_CreateUser" name="createUser" time="8.640"/>
  <system-out/>
</testsuite> <!-- serializationanddeserialization.POST_CreateUser -->
