<?xml version="1.0" encoding="UTF-8"?>
<!-- Generated by org.testng.reporters.JUnitReportReporter -->
<testsuite hostname="DESKTOP-5EVK54D" failures="0" tests="1" name="specbuilder.CreateUser" time="4.842" errors="0" timestamp="2024-03-07T09:10:27 IST" skipped="0">
  <testcase classname="specbuilder.CreateUser" name="createUser" time="4.842"/>
  <system-out/>
</testsuite> <!-- specbuilder.CreateUser -->
