<?xml version="1.0" encoding="UTF-8"?>
<!-- Generated by org.testng.reporters.JUnitReportReporter -->
<testsuite hostname="DESKTOP-5EVK54D" failures="0" tests="1" name="fetchingdatafromresponse.FetchDataFromResponseWithSimpleJson" time="8.031" errors="0" timestamp="2024-03-05T08:20:22 IST" skipped="0">
  <testcase classname="fetchingdatafromresponse.FetchDataFromResponseWithSimpleJson" name="createUser" time="8.031"/>
  <system-out/>
</testsuite> <!-- fetchingdatafromresponse.FetchDataFromResponseWithSimpleJson -->
