<?xml version="1.0" encoding="UTF-8"?>
<!-- Generated by org.testng.reporters.JUnitReportReporter -->
<testsuite hostname="DESKTOP-5EVK54D" failures="0" tests="1" name="fetchingdatafromresponse.ReadingResponseBodyFromComplexJson" time="7.286" errors="0" timestamp="2024-03-05T08:47:31 IST" skipped="0">
  <testcase classname="fetchingdatafromresponse.ReadingResponseBodyFromComplexJson" name="getUserList" time="7.286"/>
  <system-out/>
</testsuite> <!-- fetchingdatafromresponse.ReadingResponseBodyFromComplexJson -->
