<?xml version="1.0" encoding="UTF-8"?>
<!-- Generated by org.testng.reporters.JUnitReportReporter -->
<testsuite hostname="DESKTOP-5EVK54D" failures="0" tests="1" name="basiccalls.GET_ListOfUser" time="4.874" errors="0" timestamp="2024-03-05T08:22:21 IST" skipped="0">
  <testcase classname="basiccalls.GET_ListOfUser" name="getListOfUsers" time="4.874"/>
  <system-out/>
</testsuite> <!-- basiccalls.GET_ListOfUser -->
