<?xml version="1.0" encoding="UTF-8"?>
<!-- Generated by org.testng.reporters.JUnitReportReporter -->
<testsuite hostname="DESKTOP-5EVK54D" failures="0" tests="1" name="fetchingdatafromresponse.Question6ForReadymadeJSON" time="3.979" errors="0" timestamp="2024-03-06T08:15:34 IST" skipped="0">
  <testcase classname="fetchingdatafromresponse.Question6ForReadymadeJSON" name="validatePriceWithTotal" time="3.979"/>
  <system-out/>
</testsuite> <!-- fetchingdatafromresponse.Question6ForReadymadeJSON -->
