<?xml version="1.0" encoding="UTF-8"?>
<!-- Generated by org.testng.reporters.JUnitReportReporter -->
<testsuite hostname="DESKTOP-5EVK54D" failures="0" tests="1" name="basiccalls.GET_SingleUser" time="7.267" errors="0" timestamp="2024-03-04T08:12:55 IST" skipped="0">
  <testcase classname="basiccalls.GET_SingleUser" name="getSingleUserDetails" time="7.267"/>
  <system-out/>
</testsuite> <!-- basiccalls.GET_SingleUser -->
