<?xml version="1.0" encoding="UTF-8"?>
<!-- Generated by org.testng.reporters.JUnitReportReporter -->
<testsuite hostname="DESKTOP-5EVK54D" failures="0" tests="1" name="fetchingdatafromresponse.ReadingUsingJSONPathClass" time="7.108" errors="0" timestamp="2024-03-05T08:54:03 IST" skipped="0">
  <testcase classname="fetchingdatafromresponse.ReadingUsingJSONPathClass" name="getListOfUsers" time="7.108"/>
  <system-out/>
</testsuite> <!-- fetchingdatafromresponse.ReadingUsingJSONPathClass -->
