<?xml version="1.0" encoding="UTF-8"?>
<!-- Generated by org.testng.reporters.JUnitReportReporter -->
<testsuite hostname="DESKTOP-5EVK54D" failures="0" tests="1" name="basiccalls.POST_CreateUser" time="5.931" errors="0" timestamp="2024-03-04T08:59:27 IST" skipped="0">
  <testcase classname="basiccalls.POST_CreateUser" name="createUser" time="5.931"/>
  <system-out/>
</testsuite> <!-- basiccalls.POST_CreateUser -->
