<?xml version="1.0" encoding="UTF-8"?>
<!-- Generated by org.testng.reporters.JUnitReportReporter -->
<testsuite hostname="DESKTOP-5EVK54D" failures="0" tests="1" name="basiccalls.GET_ListOfUsersWithQueryParam" time="5.248" errors="0" timestamp="2024-03-07T08:22:38 IST" skipped="0">
  <testcase classname="basiccalls.GET_ListOfUsersWithQueryParam" name="getListOfUsers" time="5.248"/>
  <system-out/>
</testsuite> <!-- basiccalls.GET_ListOfUsersWithQueryParam -->
