<?xml version="1.0" encoding="UTF-8"?>
<!-- Generated by org.testng.reporters.JUnitReportReporter -->
<testsuite hostname="DESKTOP-5EVK54D" failures="0" tests="1" name="fetchingdatafromresponse.FetchingValuesFromResponse" time="5.381" errors="0" timestamp="2024-03-05T08:08:17 IST" skipped="0">
  <testcase classname="fetchingdatafromresponse.FetchingValuesFromResponse" name="fetchData" time="5.381"/>
  <system-out/>
</testsuite> <!-- fetchingdatafromresponse.FetchingValuesFromResponse -->
