<?xml version="1.0" encoding="UTF-8"?>
<!-- Generated by org.testng.reporters.JUnitReportReporter -->
<testsuite hostname="DESKTOP-5EVK54D" failures="0" tests="1" name="basiccalls.GET_UserInfo" time="6.173" errors="0" timestamp="2024-03-04T09:06:58 IST" skipped="0">
  <testcase classname="basiccalls.GET_UserInfo" name="getCreatedUser" time="6.173"/>
  <system-out/>
</testsuite> <!-- basiccalls.GET_UserInfo -->
