<?xml version="1.0" encoding="UTF-8"?>
<!-- Generated by org.testng.reporters.JUnitReportReporter -->
<testsuite hostname="DESKTOP-5EVK54D" failures="0" tests="1" name="fetchingdatafromresponse.UsingJsonPathClassToReadReadyMadeJson" time="3.641" errors="0" timestamp="2024-03-05T09:02:44 IST" skipped="0">
  <testcase classname="fetchingdatafromresponse.UsingJsonPathClassToReadReadyMadeJson" name="readData" time="3.641"/>
  <system-out/>
</testsuite> <!-- fetchingdatafromresponse.UsingJsonPathClassToReadReadyMadeJson -->
