<?xml version="1.0" encoding="UTF-8"?>
<!-- Generated by org.testng.reporters.JUnitReportReporter -->
<testsuite hostname="DESKTOP-5EVK54D" failures="0" tests="1" name="ecom.PlaceOrder" time="0.197" errors="0" timestamp="2024-03-09T09:13:45 IST" skipped="0">
  <testcase classname="ecom.PlaceOrder" name="placingOrder" time="0.197"/>
  <system-out/>
</testsuite> <!-- ecom.PlaceOrder -->
