<?xml version="1.0" encoding="UTF-8"?>
<!-- Generated by org.testng.reporters.JUnitReportReporter -->
<testsuite hostname="DESKTOP-5EVK54D" failures="0" tests="1" name="ecom.LoginToApp" time="8.922" errors="0" timestamp="2024-03-09T09:13:45 IST" skipped="0">
  <testcase classname="ecom.LoginToApp" name="login" time="8.922"/>
  <system-out/>
</testsuite> <!-- ecom.LoginToApp -->
